<?xml version="1.0" encoding="UTF-8"?>
<testng-results skipped="0" failed="0" total="1" passed="1">
  <reporter-output>
  </reporter-output>
  <suite name="Default suite" duration-ms="6510" started-at="2023-08-14T10:59:35Z" finished-at="2023-08-14T10:59:42Z">
    <groups>
    </groups>
    <test name="Default test" duration-ms="6510" started-at="2023-08-14T10:59:35Z" finished-at="2023-08-14T10:59:42Z">
      <class name="assessments.Assessments2">
        <test-method status="PASS" signature="launchApp()[pri:0, instance:assessments.Assessments2@dfd3711]" name="launchApp" is-config="true" duration-ms="5700" started-at="2023-08-14T16:29:35Z" finished-at="2023-08-14T16:29:41Z">
          <reporter-output>
          </reporter-output>
        </test-method> <!-- launchApp -->
        <test-method status="PASS" signature="operation()[pri:0, instance:assessments.Assessments2@dfd3711]" name="operation" duration-ms="604" started-at="2023-08-14T16:29:41Z" finished-at="2023-08-14T16:29:42Z">
          <reporter-output>
          </reporter-output>
        </test-method> <!-- operation -->
        <test-method status="PASS" signature="tearDown()[pri:0, instance:assessments.Assessments2@dfd3711]" name="tearDown" is-config="true" duration-ms="194" started-at="2023-08-14T16:29:42Z" finished-at="2023-08-14T16:29:42Z">
          <reporter-output>
          </reporter-output>
        </test-method> <!-- tearDown -->
      </class> <!-- assessments.Assessments2 -->
    </test> <!-- Default test -->
  </suite> <!-- Default suite -->
</testng-results>
